\BOOKMARK [0][-]{figure.caption.1}{\376\377\000D\000A\000F\000T\000A\000R\000\040\000G\000A\000M\000B\000A\000R}{}% 1
\BOOKMARK [0][-]{figure.caption.1}{\376\377\000D\000A\000F\000T\000A\000R\000\040\000T\000A\000B\000E\000L}{}% 2
\BOOKMARK [0][-]{chapter*.2}{\376\377\000=\000D\000A\000F\000T\000A\000R\000\040\000K\000O\000D\000E}{}% 3
\BOOKMARK [0][-]{chapter.1}{\376\377\000P\000E\000N\000D\000A\000H\000U\000L\000U\000A\000N}{}% 4
\BOOKMARK [1][-]{section.1.1}{\376\377\000L\000a\000t\000a\000r\000\040\000B\000e\000l\000a\000k\000a\000n\000g}{chapter.1}% 5
\BOOKMARK [1][-]{section.1.2}{\376\377\000R\000u\000m\000u\000s\000a\000n\000\040\000M\000a\000s\000a\000l\000a\000h}{chapter.1}% 6
\BOOKMARK [1][-]{section.1.3}{\376\377\000T\000u\000j\000u\000a\000n}{chapter.1}% 7
\BOOKMARK [1][-]{section.1.4}{\376\377\000B\000a\000t\000a\000s\000a\000n\000\040\000M\000a\000s\000a\000l\000a\000h}{chapter.1}% 8
\BOOKMARK [1][-]{section.1.5}{\376\377\000M\000e\000t\000o\000d\000o\000l\000o\000g\000i}{chapter.1}% 9
\BOOKMARK [2][-]{subsection.1.5.1}{\376\377\000M\000e\000t\000o\000d\000o\000l\000o\000g\000i\000\040\000P\000e\000n\000e\000l\000i\000t\000i\000a\000n}{section.1.5}% 10
\BOOKMARK [2][-]{subsection.1.5.2}{\376\377\000M\000e\000t\000o\000d\000o\000l\000o\000g\000i\000\040\000P\000e\000n\000g\000e\000m\000b\000a\000n\000g\000a\000n}{section.1.5}% 11
\BOOKMARK [0][-]{chapter.2}{\376\377\000S\000T\000U\000D\000I\000\040\000L\000I\000T\000E\000R\000A\000T\000U\000R}{}% 12
\BOOKMARK [1][-]{section.2.1}{\376\377\000I\000n\000f\000o\000r\000m\000a\000t\000i\000o\000n\000\040\000O\000v\000e\000r\000l\000o\000a\000d\000\040\000d\000a\000n\000\040\000C\000o\000g\000n\000i\000t\000i\000v\000e\000\040\000L\000o\000a\000d\000\040\000T\000h\000e\000o\000r\000y}{chapter.2}% 13
\BOOKMARK [2][-]{subsection.2.1.1}{\376\377\000K\000o\000n\000s\000e\000p\000\040\000d\000a\000n\000\040\000D\000a\000m\000p\000a\000k\000\040\000I\000n\000f\000o\000r\000m\000a\000t\000i\000o\000n\000\040\000O\000v\000e\000r\000l\000o\000a\000d}{section.2.1}% 14
\BOOKMARK [2][-]{subsection.2.1.2}{\376\377\000L\000a\000n\000d\000a\000s\000a\000n\000\040\000T\000e\000o\000r\000i\000:\000\040\000C\000o\000g\000n\000i\000t\000i\000v\000e\000\040\000L\000o\000a\000d\000\040\000T\000h\000e\000o\000r\000y}{section.2.1}% 15
\BOOKMARK [2][-]{subsection.2.1.3}{\376\377\000E\000k\000o\000n\000o\000m\000i\000\040\000P\000e\000r\000h\000a\000t\000i\000a\000n\000\040\000d\000i\000\040\000M\000e\000d\000i\000a\000\040\000S\000o\000s\000i\000a\000l}{section.2.1}% 16
\BOOKMARK [1][-]{section.2.2}{\376\377\000T\000e\000x\000t\000\040\000S\000u\000m\000m\000a\000r\000i\000z\000a\000t\000i\000o\000n\000\040\000d\000e\000n\000g\000a\000n\000\040\000L\000a\000r\000g\000e\000\040\000L\000a\000n\000g\000u\000a\000g\000e\000\040\000M\000o\000d\000e\000l\000s}{chapter.2}% 17
\BOOKMARK [2][-]{subsection.2.2.1}{\376\377\000F\000o\000n\000d\000a\000s\000i\000:\000\040\000A\000r\000s\000i\000t\000e\000k\000t\000u\000r\000\040\000T\000r\000a\000n\000s\000f\000o\000r\000m\000e\000r\000\040\000d\000a\000n\000\040\000B\000E\000R\000T}{section.2.2}% 18
\BOOKMARK [2][-]{subsection.2.2.2}{\376\377\000P\000e\000r\000i\000n\000g\000k\000a\000s\000a\000n\000\040\000B\000e\000r\000b\000a\000s\000i\000s\000\040\000T\000r\000a\000n\000s\000f\000o\000r\000m\000e\000r}{section.2.2}% 19
\BOOKMARK [2][-]{subsection.2.2.3}{\376\377\000P\000e\000r\000i\000n\000g\000k\000a\000s\000a\000n\000\040\000M\000u\000l\000t\000i\000-\000D\000o\000k\000u\000m\000e\000n\000\040\000d\000a\000n\000\040\000S\000i\000n\000t\000e\000s\000i\000s\000\040\000I\000n\000f\000o\000r\000m\000a\000s\000i}{section.2.2}% 20
\BOOKMARK [2][-]{subsection.2.2.4}{\376\377\000P\000e\000r\000i\000n\000g\000k\000a\000s\000a\000n\000\040\000P\000e\000r\000c\000a\000k\000a\000p\000a\000n\000\040\000d\000a\000n\000\040\000D\000i\000a\000l\000o\000g}{section.2.2}% 21
\BOOKMARK [2][-]{subsection.2.2.5}{\376\377\000M\000e\000m\000o\000r\000i\000\040\000J\000a\000n\000g\000k\000a\000\040\000P\000a\000n\000j\000a\000n\000g\000\040\000d\000a\000l\000a\000m\000\040\000S\000i\000s\000t\000e\000m\000\040\000D\000i\000a\000l\000o\000g}{section.2.2}% 22
\BOOKMARK [2][-]{subsection.2.2.6}{\376\377\000M\000e\000t\000r\000i\000k\000\040\000E\000v\000a\000l\000u\000a\000s\000i\000\040\000u\000n\000t\000u\000k\000\040\000P\000e\000r\000i\000n\000g\000k\000a\000s\000a\000n}{section.2.2}% 23
\BOOKMARK [1][-]{section.2.3}{\376\377\000A\000n\000a\000l\000i\000s\000i\000s\000\040\000S\000e\000n\000t\000i\000m\000e\000n\000\040\000u\000n\000t\000u\000k\000\040\000M\000e\000d\000i\000a\000\040\000S\000o\000s\000i\000a\000l\000\040\000F\000i\000n\000a\000n\000s\000i\000a\000l}{chapter.2}% 24
\BOOKMARK [2][-]{subsection.2.3.1}{\376\377\000M\000o\000d\000e\000l\000\040\000B\000a\000h\000a\000s\000a\000\040\000u\000n\000t\000u\000k\000\040\000A\000n\000a\000l\000i\000s\000i\000s\000\040\000S\000e\000n\000t\000i\000m\000e\000n\000\040\000I\000n\000d\000o\000n\000e\000s\000i\000a}{section.2.3}% 25
\BOOKMARK [2][-]{subsection.2.3.2}{\376\377\000A\000n\000a\000l\000i\000s\000i\000s\000\040\000S\000e\000n\000t\000i\000m\000e\000n\000\040\000D\000o\000m\000a\000i\000n\000\040\000F\000i\000n\000a\000n\000s\000i\000a\000l}{section.2.3}% 26
\BOOKMARK [2][-]{subsection.2.3.3}{\376\377\000P\000e\000m\000a\000n\000f\000a\000a\000t\000a\000n\000\040\000S\000i\000n\000y\000a\000l\000\040\000K\000o\000m\000u\000n\000i\000t\000a\000s\000\040\000d\000a\000l\000a\000m\000\040\000P\000e\000r\000i\000n\000g\000k\000a\000s\000a\000n}{section.2.3}% 27
\BOOKMARK [2][-]{subsection.2.3.4}{\376\377\000K\000l\000a\000s\000i\000f\000i\000k\000a\000s\000i\000\040\000E\000m\000o\000s\000i\000\040\000v\000e\000r\000s\000u\000s\000\040\000S\000e\000n\000t\000i\000m\000e\000n\000\040\000u\000n\000t\000u\000k\000\040\000I\000n\000v\000e\000s\000t\000o\000r\000\040\000R\000i\000t\000e\000l}{section.2.3}% 28
\BOOKMARK [1][-]{section.2.4}{\376\377\000N\000a\000m\000e\000d\000\040\000E\000n\000t\000i\000t\000y\000\040\000R\000e\000c\000o\000g\000n\000i\000t\000i\000o\000n\000\040\000u\000n\000t\000u\000k\000\040\000T\000e\000k\000s\000\040\000F\000i\000n\000a\000n\000s\000i\000a\000l\000\040\000I\000n\000d\000o\000n\000e\000s\000i\000a}{chapter.2}% 29
\BOOKMARK [2][-]{subsection.2.4.1}{\376\377\000N\000E\000R\000\040\000u\000n\000t\000u\000k\000\040\000B\000a\000h\000a\000s\000a\000\040\000I\000n\000d\000o\000n\000e\000s\000i\000a}{section.2.4}% 30
\BOOKMARK [2][-]{subsection.2.4.2}{\376\377\000N\000E\000R\000\040\000D\000o\000m\000a\000i\000n\000\040\000F\000i\000n\000a\000n\000s\000i\000a\000l}{section.2.4}% 31
\BOOKMARK [1][-]{section.2.5}{\376\377\000T\000o\000p\000i\000c\000\040\000M\000o\000d\000e\000l\000i\000n\000g\000\040\000d\000e\000n\000g\000a\000n\000\040\000B\000E\000R\000T\000o\000p\000i\000c}{chapter.2}% 32
\BOOKMARK [2][-]{subsection.2.5.1}{\376\377\000B\000E\000R\000T\000o\000p\000i\000c\000:\000\040\000M\000e\000t\000o\000d\000o\000l\000o\000g\000i\000\040\000d\000a\000n\000\040\000K\000e\000u\000n\000g\000g\000u\000l\000a\000n}{section.2.5}% 33
\BOOKMARK [2][-]{subsection.2.5.2}{\376\377\000P\000e\000r\000k\000e\000m\000b\000a\000n\000g\000a\000n\000\040\000T\000e\000r\000k\000i\000n\000i\000\040\000d\000a\000l\000a\000m\000\040\000T\000o\000p\000i\000c\000\040\000M\000o\000d\000e\000l\000i\000n\000g\000\040\000N\000e\000u\000r\000a\000l}{section.2.5}% 34
\BOOKMARK [1][-]{section.2.6}{\376\377\000T\000e\000l\000e\000g\000r\000a\000m\000\040\000s\000e\000b\000a\000g\000a\000i\000\040\000P\000l\000a\000t\000f\000o\000r\000m\000\040\000K\000o\000m\000u\000n\000i\000t\000a\000s}{chapter.2}% 35
\BOOKMARK [2][-]{subsection.2.6.1}{\376\377\000K\000a\000r\000a\000k\000t\000e\000r\000i\000s\000t\000i\000k\000\040\000d\000a\000n\000\040\000D\000i\000n\000a\000m\000i\000k\000a\000\040\000P\000l\000a\000t\000f\000o\000r\000m\000\040\000T\000e\000l\000e\000g\000r\000a\000m}{section.2.6}% 36
\BOOKMARK [2][-]{subsection.2.6.2}{\376\377\000A\000n\000a\000l\000i\000s\000i\000s\000\040\000S\000k\000a\000l\000a\000\040\000B\000e\000s\000a\000r\000\040\000K\000o\000m\000u\000n\000i\000t\000a\000s\000\040\000T\000e\000l\000e\000g\000r\000a\000m}{section.2.6}% 37
\BOOKMARK [1][-]{section.2.7}{\376\377\000A\000r\000s\000i\000t\000e\000k\000t\000u\000r\000\040\000P\000e\000m\000r\000o\000s\000e\000s\000a\000n\000\040\000D\000a\000t\000a\000\040\000R\000e\000a\000l\000-\000T\000i\000m\000e}{chapter.2}% 38
\BOOKMARK [2][-]{subsection.2.7.1}{\376\377\000P\000i\000p\000e\000l\000i\000n\000e\000\040\000N\000L\000P\000\040\000u\000n\000t\000u\000k\000\040\000P\000e\000m\000r\000o\000s\000e\000s\000a\000n\000\040\000S\000t\000r\000e\000a\000m\000\040\000T\000e\000k\000s}{section.2.7}% 39
\BOOKMARK [2][-]{subsection.2.7.2}{\376\377\000A\000r\000s\000i\000t\000e\000k\000t\000u\000r\000\040\000B\000e\000r\000b\000a\000s\000i\000s\000\040\000E\000v\000e\000n\000t\000\040\000d\000a\000n\000\040\000P\000e\000r\000f\000o\000r\000m\000a}{section.2.7}% 40
\BOOKMARK [2][-]{subsection.2.7.3}{\376\377\000P\000e\000r\000t\000i\000m\000b\000a\000n\000g\000a\000n\000\040\000M\000i\000c\000r\000o\000-\000b\000a\000t\000c\000h\000i\000n\000g\000\040\000d\000a\000n\000\040\000F\000r\000e\000k\000u\000e\000n\000s\000i\000\040\000D\000a\000t\000a}{section.2.7}% 41
\BOOKMARK [2][-]{subsection.2.7.4}{\376\377\000T\000a\000n\000t\000a\000n\000g\000a\000n\000\040\000I\000n\000f\000e\000r\000e\000n\000s\000i\000\040\000L\000L\000M\000\040\000d\000a\000l\000a\000m\000\040\000S\000i\000s\000t\000e\000m\000\040\000R\000e\000a\000l\000-\000T\000i\000m\000e}{section.2.7}% 42
\BOOKMARK [1][-]{section.2.8}{\376\377\000P\000e\000r\000i\000n\000g\000k\000a\000s\000a\000n\000\040\000u\000n\000t\000u\000k\000\040\000M\000e\000d\000i\000a\000\040\000S\000o\000s\000i\000a\000l\000\040\000d\000a\000n\000\040\000P\000e\000r\000c\000a\000k\000a\000p\000a\000n\000\040\000O\000n\000l\000i\000n\000e}{chapter.2}% 43
\BOOKMARK [2][-]{subsection.2.8.1}{\376\377\000P\000e\000r\000i\000n\000g\000k\000a\000s\000a\000n\000\040\000P\000e\000r\000c\000a\000k\000a\000p\000a\000n\000\040\000d\000e\000n\000g\000a\000n\000\040\000A\000r\000g\000u\000m\000e\000n\000t\000\040\000M\000i\000n\000i\000n\000g}{section.2.8}% 44
\BOOKMARK [2][-]{subsection.2.8.2}{\376\377\000P\000e\000r\000i\000n\000g\000k\000a\000s\000a\000n\000\040\000P\000e\000r\000c\000a\000k\000a\000p\000a\000n\000\040\000M\000u\000l\000t\000i\000-\000s\000p\000e\000a\000k\000e\000r}{section.2.8}% 45
\BOOKMARK [2][-]{subsection.2.8.3}{\376\377\000P\000e\000r\000i\000n\000g\000k\000a\000s\000a\000n\000\040\000E\000k\000s\000t\000r\000i\000m\000\040\000u\000n\000t\000u\000k\000\040\000K\000o\000n\000t\000e\000n\000\040\000M\000e\000d\000i\000a\000\040\000S\000o\000s\000i\000a\000l}{section.2.8}% 46
\BOOKMARK [1][-]{section.2.9}{\376\377\000K\000e\000s\000e\000n\000j\000a\000n\000g\000a\000n\000\040\000P\000e\000n\000e\000l\000i\000t\000i\000a\000n\000\040\000d\000a\000n\000\040\000K\000o\000n\000t\000r\000i\000b\000u\000s\000i}{chapter.2}% 47
\BOOKMARK [0][-]{chapter.3}{\376\377\000A\000N\000A\000L\000I\000S\000I\000S\000\040\000M\000A\000S\000A\000L\000A\000H}{}% 48
\BOOKMARK [1][-]{section.3.1}{\376\377\000A\000n\000a\000l\000i\000s\000i\000s\000\040\000K\000o\000n\000d\000i\000s\000i\000\040\000S\000a\000a\000t\000\040\000I\000n\000i}{chapter.3}% 49
\BOOKMARK [2][-]{subsection.3.1.1}{\376\377\000M\000o\000d\000e\000l\000\040\000K\000o\000n\000s\000e\000p\000t\000u\000a\000l\000\040\000K\000o\000m\000u\000n\000i\000t\000a\000s\000\040\000T\000e\000l\000e\000g\000r\000a\000m\000\040\000E\000k\000s\000i\000s\000t\000i\000n\000g}{section.3.1}% 50
\BOOKMARK [0][-]{chapter.4}{\376\377\000D\000E\000S\000A\000I\000N\000\040\000K\000O\000N\000S\000E\000P\000\040\000S\000O\000L\000U\000S\000I}{}% 51
\BOOKMARK [0][-]{chapter.5}{\376\377\000R\000E\000N\000C\000A\000N\000A\000\040\000S\000E\000L\000A\000N\000J\000U\000T\000N\000Y\000A}{}% 52
